TN:
SF:src/3_TYPEGUARDS_NARROWING/exercise5.js
FN:1,Object.<anonymous>
FN:2,Point3D
FN:10,Line3D
FN:17,Plane
FN:25,findIntersections
FNF:5
FNH:3
FNDA:1,Object.<anonymous>
FNDA:2,Point3D
FNDA:0,Line3D
FNDA:0,Plane
FNDA:1,findIntersections
DA:1,1
DA:2,1
DA:3,2
DA:4,2
DA:5,2
DA:6,2
DA:7,1
DA:8,1
DA:9,1
DA:10,1
DA:11,0
DA:12,0
DA:13,0
DA:14,1
DA:15,1
DA:16,1
DA:17,1
DA:18,0
DA:19,0
DA:20,0
DA:21,0
DA:22,0
DA:23,1
DA:24,1
DA:25,1
DA:26,1
DA:27,1
DA:28,1
DA:29,1
DA:30,1
DA:31,1
DA:32,1
LF:32
LH:24
BRDA:1,0,0,1
BRDA:1,1,0,1
BRDA:1,2,0,1
BRDA:2,3,0,2
BRDA:9,4,0,1
BRDA:16,5,0,1
BRDA:25,6,0,1
BRF:7
BRH:7
end_of_record
